[INFO] - 2014-11-26 11:40:03 - LogListener - 测试名为【testCalculateAppriasal】的测试成功！
[INFO] - 2014-11-26 11:40:03 - LogListener - 测试名为【testCalculateYearlySalary】的测试成功！
[INFO] - 2014-11-26 11:40:03 - LogListener - 测试名为【testMethodOne】的测试成功！
[ERROR] - 2014-11-26 11:40:03 - LogListener - 测试名为【testMethodTwo】的测试失败！
[WARN] - 2014-11-26 11:40:04 - RetryFailedTest - 测试用例名为【Name_StefanTest】的测试中有执行失败的测试，重新自动执行一次！
[ERROR] - 2014-11-26 11:40:04 - LogListener - 测试名为【testMethodTwo】的测试失败！
[WARN] - 2014-11-26 11:40:04 - LogListener - 测试名为【testMethodThree】的测试忽略！
[INFO] - 2014-11-28 09:50:58 - LogListener - 测试名为【testCalculateAppriasal】的测试成功！
[INFO] - 2014-11-28 09:50:58 - LogListener - 测试名为【testCalculateYearlySalary】的测试成功！
[INFO] - 2014-11-28 09:50:58 - LogListener - 测试名为【testMethodOne】的测试成功！
[ERROR] - 2014-11-28 09:50:58 - LogListener - 测试名为【testMethodTwo】的测试失败！
[WARN] - 2014-11-28 09:50:59 - RetryFailedTest - 测试用例名为【Name_StefanTest】的测试中有执行失败的测试，重新自动执行一次！
[ERROR] - 2014-11-28 09:50:59 - LogListener - 测试名为【testMethodTwo】的测试失败！
[WARN] - 2014-11-28 09:50:59 - LogListener - 测试名为【testMethodThree】的测试忽略！
[INFO] - 2014-12-05 14:06:40 - LogListener - 测试名为【testCalculateAppriasal】的测试成功！
[INFO] - 2014-12-05 14:06:40 - LogListener - 测试名为【testCalculateYearlySalary】的测试成功！
[INFO] - 2014-12-05 14:06:40 - LogListener - 测试名为【testMethodOne】的测试成功！
[ERROR] - 2014-12-05 14:06:40 - LogListener - 测试名为【testMethodTwo】的测试失败！
[WARN] - 2014-12-05 14:06:41 - RetryFailedTest - 测试用例名为【Name_StefanTest】的测试中有执行失败的测试，重新自动执行一次！
[ERROR] - 2014-12-05 14:06:41 - LogListener - 测试名为【testMethodTwo】的测试失败！
[WARN] - 2014-12-05 14:06:41 - LogListener - 测试名为【testMethodThree】的测试忽略！
